
> e-commerce@0.1.0 build
> prisma generate && next build

Environment variables loaded from .env
Prisma schema loaded from prisma\schema.prisma

✔ Generated Prisma Client (v6.16.2) to .\node_modules\@prisma\client in 101ms

Start by importing your Prisma Client (See: https://pris.ly/d/importing-client)

Tip: Interested in query caching in just a few lines of code? Try Accelerate today! https://pris.ly/tip-3-accelerate

   ▲ Next.js 15.5.12
   - Environments: .env.local, .env

   Creating an optimized production build ...
Failed to compile.

./node_modules/recharts/es6/util/ReactUtils.js
Module not found: Can't resolve 'react-is'

https://nextjs.org/docs/messages/module-not-found

Import trace for requested module:
./node_modules/recharts/es6/cartesian/Area.js
__barrel_optimize__?names=Area,AreaChart,CartesianGrid,ResponsiveContainer,Tooltip,XAxis,YAxis!=!./node_modules/recharts/es6/index.js
./components/OrdersAreaChart.jsx
./app/admin/page.jsx


> Build failed because of webpack errors
